# JRE version: Java(TM) SE Runtime Environment (17.0.9+11) (build 17.0.9+11-LTS-201)
# Java VM: Java HotSpot(TM) 64-Bit Server VM (17.0.9+11-LTS-201, mixed mode, sharing, tiered, compressed oops, compressed class ptrs, g1 gc, windows-amd64)
GC Precious Log:
 CPUs: 12 total, 12 available
 Memory: 15741M
 Large Page Support: Disabled
 NUMA Support: Disabled
 Compressed Oops: Enabled (32-bit)
 Heap Region Size: 1M
 Heap Min Capacity: 8M
 Heap Initial Capacity: 246M
 Heap Max Capacity: 2G
 Pre-touch: Disabled
 Parallel Workers: 10
 Concurrent Workers: 3
 Concurrent Refinement Workers: 10
 Periodic GC: Disabled
Heap:
 garbage-first heap   total 184320K, used 110052K [0x0000000080000000, 0x0000000100000000)
  region size 1024K, 4 young (4096K), 4 survivors (4096K)
 Metaspace       used 71974K, committed 72768K, reserved 1114112K
  class space    used 9670K, committed 10048K, reserved 1048576K
GC Heap History (20 events):
Event: 2.652 GC heap after
{Heap after GC invocations=7 (full 0):
 garbage-first heap   total 171008K, used 57449K [0x0000000080000000, 0x0000000100000000)
  region size 1024K, 2 young (2048K), 2 survivors (2048K)
 Metaspace       used 35588K, committed 35968K, reserved 1114112K
  class space    used 4960K, committed 5120K, reserved 1048576K
}
Event: 3.180 GC heap before
{Heap before GC invocations=8 (full 0):
 garbage-first heap   total 171008K, used 135273K [0x0000000080000000, 0x0000000100000000)
  region size 1024K, 72 young (73728K), 2 survivors (2048K)
 Metaspace       used 41662K, committed 42240K, reserved 1114112K
  class space    used 5811K, committed 6080K, reserved 1048576K
}
Event: 3.184 GC heap after
{Heap after GC invocations=9 (full 0):
 garbage-first heap   total 171008K, used 70982K [0x0000000080000000, 0x0000000100000000)
  region size 1024K, 9 young (9216K), 9 survivors (9216K)
 Metaspace       used 41662K, committed 42240K, reserved 1114112K
  class space    used 5811K, committed 6080K, reserved 1048576K
}
Event: 3.615 GC heap before
{Heap before GC invocations=9 (full 0):
 garbage-first heap   total 171008K, used 132422K [0x0000000080000000, 0x0000000100000000)
  region size 1024K, 69 young (70656K), 9 survivors (9216K)
 Metaspace       used 45499K, committed 46144K, reserved 1114112K
  class space    used 6349K, committed 6656K, reserved 1048576K
}
Event: 3.619 GC heap after
{Heap after GC invocations=10 (full 0):
 garbage-first heap   total 171008K, used 75754K [0x0000000080000000, 0x0000000100000000)
  region size 1024K, 6 young (6144K), 6 survivors (6144K)
 Metaspace       used 45499K, committed 46144K, reserved 1114112K
  class space    used 6349K, committed 6656K, reserved 1048576K
}
Event: 3.706 GC heap before
{Heap before GC invocations=10 (full 0):
 garbage-first heap   total 171008K, used 95210K [0x0000000080000000, 0x0000000100000000)
  region size 1024K, 22 young (22528K), 6 survivors (6144K)
 Metaspace       used 46022K, committed 46656K, reserved 1114112K
  class space    used 6413K, committed 6720K, reserved 1048576K
}
Event: 3.708 GC heap after
{Heap after GC invocations=11 (full 0):
 garbage-first heap   total 171008K, used 85082K [0x0000000080000000, 0x0000000100000000)
  region size 1024K, 6 young (6144K), 6 survivors (6144K)
 Metaspace       used 46022K, committed 46656K, reserved 1114112K
  class space    used 6413K, committed 6720K, reserved 1048576K
}
Event: 4.003 GC heap before
{Heap before GC invocations=12 (full 0):
 garbage-first heap   total 171008K, used 133210K [0x0000000080000000, 0x0000000100000000)
  region size 1024K, 49 young (50176K), 6 survivors (6144K)
 Metaspace       used 51816K, committed 52416K, reserved 1114112K
  class space    used 7085K, committed 7360K, reserved 1048576K
}
Event: 4.005 GC heap after
{Heap after GC invocations=13 (full 0):
 garbage-first heap   total 171008K, used 94242K [0x0000000080000000, 0x0000000100000000)
  region size 1024K, 5 young (5120K), 5 survivors (5120K)
 Metaspace       used 51816K, committed 52416K, reserved 1114112K
  class space    used 7085K, committed 7360K, reserved 1048576K
}
Event: 4.253 GC heap before
{Heap before GC invocations=13 (full 0):
 garbage-first heap   total 171008K, used 118818K [0x0000000080000000, 0x0000000100000000)
  region size 1024K, 30 young (30720K), 5 survivors (5120K)
 Metaspace       used 56394K, committed 57152K, reserved 1114112K
  class space    used 7686K, committed 8064K, reserved 1048576K
}
Event: 4.256 GC heap after
{Heap after GC invocations=14 (full 0):
 garbage-first heap   total 171008K, used 96083K [0x0000000080000000, 0x0000000100000000)
  region size 1024K, 3 young (3072K), 3 survivors (3072K)
 Metaspace       used 56394K, committed 57152K, reserved 1114112K
  class space    used 7686K, committed 8064K, reserved 1048576K
}
Event: 4.475 GC heap before
{Heap before GC invocations=15 (full 0):
 garbage-first heap   total 184320K, used 142163K [0x0000000080000000, 0x0000000100000000)
  region size 1024K, 42 young (43008K), 3 survivors (3072K)
 Metaspace       used 58937K, committed 59712K, reserved 1114112K
  class space    used 8018K, committed 8384K, reserved 1048576K
}
Event: 4.478 GC heap after
{Heap after GC invocations=16 (full 0):
 garbage-first heap   total 184320K, used 99295K [0x0000000080000000, 0x0000000100000000)
  region size 1024K, 6 young (6144K), 6 survivors (6144K)
 Metaspace       used 58937K, committed 59712K, reserved 1114112K
  class space    used 8018K, committed 8384K, reserved 1048576K
}
Event: 4.808 GC heap before
{Heap before GC invocations=16 (full 0):
 garbage-first heap   total 184320K, used 143327K [0x0000000080000000, 0x0000000100000000)
  region size 1024K, 49 young (50176K), 6 survivors (6144K)
 Metaspace       used 63529K, committed 64256K, reserved 1114112K
  class space    used 8610K, committed 8960K, reserved 1048576K
}
Event: 4.811 GC heap after
{Heap after GC invocations=17 (full 0):
 garbage-first heap   total 184320K, used 102458K [0x0000000080000000, 0x0000000100000000)
  region size 1024K, 4 young (4096K), 4 survivors (4096K)
 Metaspace       used 63529K, committed 64256K, reserved 1114112K
  class space    used 8610K, committed 8960K, reserved 1048576K
}
Event: 5.049 GC heap before
{Heap before GC invocations=18 (full 0):
 garbage-first heap   total 184320K, used 146490K [0x0000000080000000, 0x0000000100000000)
  region size 1024K, 47 young (48128K), 4 survivors (4096K)
 Metaspace       used 67486K, committed 68160K, reserved 1114112K
  class space    used 9113K, committed 9472K, reserved 1048576K
}
Event: 5.052 GC heap after
{Heap after GC invocations=19 (full 0):
 garbage-first heap   total 184320K, used 107425K [0x0000000080000000, 0x0000000100000000)
  region size 1024K, 6 young (6144K), 6 survivors (6144K)
 Metaspace       used 67486K, committed 68160K, reserved 1114112K
  class space    used 9113K, committed 9472K, reserved 1048576K
}
Event: 5.060 GC heap before
{Heap before GC invocations=19 (full 0):
 garbage-first heap   total 184320K, used 109473K [0x0000000080000000, 0x0000000100000000)
  region size 1024K, 9 young (9216K), 6 survivors (6144K)
 Metaspace       used 67494K, committed 68224K, reserved 1114112K
  class space    used 9113K, committed 9472K, reserved 1048576K
}
Event: 5.063 GC heap after
{Heap after GC invocations=20 (full 0):
 garbage-first heap   total 184320K, used 108318K [0x0000000080000000, 0x0000000100000000)
  region size 1024K, 2 young (2048K), 2 survivors (2048K)
 Metaspace       used 67494K, committed 68224K, reserved 1114112K
  class space    used 9113K, committed 9472K, reserved 1048576K
}
Event: 5.307 GC heap before
{Heap before GC invocations=20 (full 0):
 garbage-first heap   total 184320K, used 148254K [0x0000000080000000, 0x0000000100000000)
  region size 1024K, 42 young (43008K), 2 survivors (2048K)
 Metaspace       used 71974K, committed 72768K, reserved 1114112K
  class space    used 9670K, committed 10048K, reserved 1048576K
}

