# JRE version: Java(TM) SE Runtime Environment (17.0.9+11) (build 17.0.9+11-LTS-201)
# Java VM: Java HotSpot(TM) 64-Bit Server VM (17.0.9+11-LTS-201, mixed mode, sharing, tiered, compressed oops, compressed class ptrs, g1 gc, windows-amd64)
GC Precious Log:
 CPUs: 12 total, 12 available
 Memory: 15741M
 Large Page Support: Disabled
 NUMA Support: Disabled
 Compressed Oops: Enabled (32-bit)
 Heap Region Size: 1M
 Heap Min Capacity: 8M
 Heap Initial Capacity: 246M
 Heap Max Capacity: 2G
 Pre-touch: Disabled
 Parallel Workers: 10
 Concurrent Workers: 3
 Concurrent Refinement Workers: 10
 Periodic GC: Disabled
Heap:
 garbage-first heap   total 408576K, used 226925K [0x0000000080000000, 0x0000000100000000)
  region size 1024K, 5 young (5120K), 5 survivors (5120K)
 Metaspace       used 139033K, committed 139904K, reserved 1179648K
  class space    used 17978K, committed 18368K, reserved 1048576K
GC Heap History (20 events):
Event: 6.623 GC heap after
{Heap after GC invocations=25 (full 0):
 garbage-first heap   total 367616K, used 152004K [0x0000000080000000, 0x0000000100000000)
  region size 1024K, 3 young (3072K), 3 survivors (3072K)
 Metaspace       used 85532K, committed 86400K, reserved 1179648K
  class space    used 11743K, committed 12160K, reserved 1048576K
}
Event: 7.348 GC heap before
{Heap before GC invocations=25 (full 0):
 garbage-first heap   total 367616K, used 266692K [0x0000000080000000, 0x0000000100000000)
  region size 1024K, 114 young (116736K), 3 survivors (3072K)
 Metaspace       used 98847K, committed 99648K, reserved 1179648K
  class space    used 13195K, committed 13568K, reserved 1048576K
}
Event: 7.352 GC heap after
{Heap after GC invocations=26 (full 0):
 garbage-first heap   total 367616K, used 159527K [0x0000000080000000, 0x0000000100000000)
  region size 1024K, 10 young (10240K), 10 survivors (10240K)
 Metaspace       used 98847K, committed 99648K, reserved 1179648K
  class space    used 13195K, committed 13568K, reserved 1048576K
}
Event: 7.900 GC heap before
{Heap before GC invocations=26 (full 0):
 garbage-first heap   total 367616K, used 274215K [0x0000000080000000, 0x0000000100000000)
  region size 1024K, 122 young (124928K), 10 survivors (10240K)
 Metaspace       used 103864K, committed 104640K, reserved 1179648K
  class space    used 13724K, committed 14080K, reserved 1048576K
}
Event: 7.906 GC heap after
{Heap after GC invocations=27 (full 0):
 garbage-first heap   total 367616K, used 167293K [0x0000000080000000, 0x0000000100000000)
  region size 1024K, 10 young (10240K), 10 survivors (10240K)
 Metaspace       used 103864K, committed 104640K, reserved 1179648K
  class space    used 13724K, committed 14080K, reserved 1048576K
}
Event: 8.924 GC heap before
{Heap before GC invocations=27 (full 0):
 garbage-first heap   total 367616K, used 281981K [0x0000000080000000, 0x0000000100000000)
  region size 1024K, 122 young (124928K), 10 survivors (10240K)
 Metaspace       used 117879K, committed 118720K, reserved 1179648K
  class space    used 15221K, committed 15616K, reserved 1048576K
}
Event: 8.929 GC heap after
{Heap after GC invocations=28 (full 0):
 garbage-first heap   total 367616K, used 174884K [0x0000000080000000, 0x0000000100000000)
  region size 1024K, 8 young (8192K), 8 survivors (8192K)
 Metaspace       used 117879K, committed 118720K, reserved 1179648K
  class space    used 15221K, committed 15616K, reserved 1048576K
}
Event: 9.811 GC heap before
{Heap before GC invocations=28 (full 0):
 garbage-first heap   total 367616K, used 280356K [0x0000000080000000, 0x0000000100000000)
  region size 1024K, 112 young (114688K), 8 survivors (8192K)
 Metaspace       used 130957K, committed 131776K, reserved 1179648K
  class space    used 16920K, committed 17344K, reserved 1048576K
}
Event: 9.816 GC heap after
{Heap after GC invocations=29 (full 0):
 garbage-first heap   total 367616K, used 178598K [0x0000000080000000, 0x0000000100000000)
  region size 1024K, 12 young (12288K), 12 survivors (12288K)
 Metaspace       used 130957K, committed 131776K, reserved 1179648K
  class space    used 16920K, committed 17344K, reserved 1048576K
}
Event: 10.629 GC heap before
{Heap before GC invocations=30 (full 0):
 garbage-first heap   total 367616K, used 320934K [0x0000000080000000, 0x0000000100000000)
  region size 1024K, 125 young (128000K), 12 survivors (12288K)
 Metaspace       used 138985K, committed 139840K, reserved 1179648K
  class space    used 17971K, committed 18368K, reserved 1048576K
}
Event: 10.640 GC heap after
{Heap after GC invocations=31 (full 0):
 garbage-first heap   total 367616K, used 216917K [0x0000000080000000, 0x0000000100000000)
  region size 1024K, 16 young (16384K), 16 survivors (16384K)
 Metaspace       used 138985K, committed 139840K, reserved 1179648K
  class space    used 17971K, committed 18368K, reserved 1048576K
}
Event: 10.643 GC heap before
{Heap before GC invocations=31 (full 0):
 garbage-first heap   total 367616K, used 217941K [0x0000000080000000, 0x0000000100000000)
  region size 1024K, 17 young (17408K), 16 survivors (16384K)
 Metaspace       used 138985K, committed 139840K, reserved 1179648K
  class space    used 17971K, committed 18368K, reserved 1048576K
}
Event: 10.649 GC heap after
{Heap after GC invocations=32 (full 0):
 garbage-first heap   total 367616K, used 218358K [0x0000000080000000, 0x0000000100000000)
  region size 1024K, 2 young (2048K), 2 survivors (2048K)
 Metaspace       used 138985K, committed 139840K, reserved 1179648K
  class space    used 17971K, committed 18368K, reserved 1048576K
}
Event: 10.884 GC heap before
{Heap before GC invocations=32 (full 0):
 garbage-first heap   total 367616K, used 300278K [0x0000000080000000, 0x0000000100000000)
  region size 1024K, 82 young (83968K), 2 survivors (2048K)
 Metaspace       used 139004K, committed 139840K, reserved 1179648K
  class space    used 17971K, committed 18368K, reserved 1048576K
}
Event: 10.890 GC heap after
{Heap after GC invocations=33 (full 0):
 garbage-first heap   total 367616K, used 232437K [0x0000000080000000, 0x0000000100000000)
  region size 1024K, 11 young (11264K), 11 survivors (11264K)
 Metaspace       used 139004K, committed 139840K, reserved 1179648K
  class space    used 17971K, committed 18368K, reserved 1048576K
}
Event: 11.079 GC heap before
{Heap before GC invocations=34 (full 0):
 garbage-first heap   total 408576K, used 298997K [0x0000000080000000, 0x0000000100000000)
  region size 1024K, 80 young (81920K), 11 survivors (11264K)
 Metaspace       used 139033K, committed 139904K, reserved 1179648K
  class space    used 17978K, committed 18368K, reserved 1048576K
}
Event: 11.084 GC heap after
{Heap after GC invocations=35 (full 0):
 garbage-first heap   total 408576K, used 231463K [0x0000000080000000, 0x0000000100000000)
  region size 1024K, 5 young (5120K), 5 survivors (5120K)
 Metaspace       used 139033K, committed 139904K, reserved 1179648K
  class space    used 17978K, committed 18368K, reserved 1048576K
}
Event: 11.118 GC heap before
{Heap before GC invocations=35 (full 0):
 garbage-first heap   total 408576K, used 245799K [0x0000000080000000, 0x0000000100000000)
  region size 1024K, 19 young (19456K), 5 survivors (5120K)
 Metaspace       used 139033K, committed 139904K, reserved 1179648K
  class space    used 17978K, committed 18368K, reserved 1048576K
}
Event: 11.120 GC heap after
{Heap after GC invocations=36 (full 0):
 garbage-first heap   total 408576K, used 225037K [0x0000000080000000, 0x0000000100000000)
  region size 1024K, 3 young (3072K), 3 survivors (3072K)
 Metaspace       used 139033K, committed 139904K, reserved 1179648K
  class space    used 17978K, committed 18368K, reserved 1048576K
}
Event: 11.383 GC heap before
{Heap before GC invocations=36 (full 0):
 garbage-first heap   total 408576K, used 328461K [0x0000000080000000, 0x0000000100000000)
  region size 1024K, 104 young (106496K), 3 survivors (3072K)
 Metaspace       used 139033K, committed 139904K, reserved 1179648K
  class space    used 17978K, committed 18368K, reserved 1048576K
}

