# JRE version: Java(TM) SE Runtime Environment (17.0.9+11) (build 17.0.9+11-LTS-201)
# Java VM: Java HotSpot(TM) 64-Bit Server VM (17.0.9+11-LTS-201, mixed mode, sharing, tiered, compressed oops, compressed class ptrs, g1 gc, windows-amd64)
GC Precious Log:
 CPUs: 12 total, 12 available
 Memory: 15741M
 Large Page Support: Disabled
 NUMA Support: Disabled
 Compressed Oops: Enabled (32-bit)
 Heap Region Size: 1M
 Heap Min Capacity: 8M
 Heap Initial Capacity: 246M
 Heap Max Capacity: 2G
 Pre-touch: Disabled
 Parallel Workers: 10
 Concurrent Workers: 3
 Concurrent Refinement Workers: 10
 Periodic GC: Disabled
Heap:
 garbage-first heap   total 346112K, used 157611K [0x0000000080000000, 0x0000000100000000)
  region size 1024K, 20 young (20480K), 20 survivors (20480K)
 Metaspace       used 157075K, committed 157952K, reserved 1245184K
  class space    used 20278K, committed 20736K, reserved 1048576K
GC Heap History (20 events):
Event: 51.006 GC heap after
{Heap after GC invocations=53 (full 0):
 garbage-first heap   total 346112K, used 109309K [0x0000000080000000, 0x0000000100000000)
  region size 1024K, 1 young (1024K), 1 survivors (1024K)
 Metaspace       used 103743K, committed 104576K, reserved 1179648K
  class space    used 14476K, committed 14912K, reserved 1048576K
}
Event: 51.882 GC heap before
{Heap before GC invocations=53 (full 0):
 garbage-first heap   total 346112K, used 205565K [0x0000000080000000, 0x0000000100000000)
  region size 1024K, 96 young (98304K), 1 survivors (1024K)
 Metaspace       used 117049K, committed 117888K, reserved 1179648K
  class space    used 15922K, committed 16320K, reserved 1048576K
}
Event: 51.886 GC heap after
{Heap after GC invocations=54 (full 0):
 garbage-first heap   total 346112K, used 114882K [0x0000000080000000, 0x0000000100000000)
  region size 1024K, 7 young (7168K), 7 survivors (7168K)
 Metaspace       used 117049K, committed 117888K, reserved 1179648K
  class space    used 15922K, committed 16320K, reserved 1048576K
}
Event: 53.033 GC heap before
{Heap before GC invocations=55 (full 0):
 garbage-first heap   total 346112K, used 276674K [0x0000000080000000, 0x0000000100000000)
  region size 1024K, 164 young (167936K), 7 survivors (7168K)
 Metaspace       used 131562K, committed 132352K, reserved 1179648K
  class space    used 17518K, committed 17920K, reserved 1048576K
}
Event: 53.039 GC heap after
{Heap after GC invocations=56 (full 0):
 garbage-first heap   total 346112K, used 124379K [0x0000000080000000, 0x0000000100000000)
  region size 1024K, 16 young (16384K), 16 survivors (16384K)
 Metaspace       used 131562K, committed 132352K, reserved 1179648K
  class space    used 17518K, committed 17920K, reserved 1048576K
}
Event: 53.049 GC heap before
{Heap before GC invocations=56 (full 0):
 garbage-first heap   total 346112K, used 124379K [0x0000000080000000, 0x0000000100000000)
  region size 1024K, 17 young (17408K), 16 survivors (16384K)
 Metaspace       used 131739K, committed 132544K, reserved 1179648K
  class space    used 17536K, committed 17920K, reserved 1048576K
}
Event: 53.055 GC heap after
{Heap after GC invocations=57 (full 0):
 garbage-first heap   total 346112K, used 124986K [0x0000000080000000, 0x0000000100000000)
  region size 1024K, 2 young (2048K), 2 survivors (2048K)
 Metaspace       used 131739K, committed 132544K, reserved 1179648K
  class space    used 17536K, committed 17920K, reserved 1048576K
}
Event: 53.718 GC heap before
{Heap before GC invocations=57 (full 0):
 garbage-first heap   total 346112K, used 201786K [0x0000000080000000, 0x0000000100000000)
  region size 1024K, 78 young (79872K), 2 survivors (2048K)
 Metaspace       used 140931K, committed 141696K, reserved 1179648K
  class space    used 18558K, committed 18944K, reserved 1048576K
}
Event: 53.722 GC heap after
{Heap after GC invocations=58 (full 0):
 garbage-first heap   total 346112K, used 128641K [0x0000000080000000, 0x0000000100000000)
  region size 1024K, 6 young (6144K), 6 survivors (6144K)
 Metaspace       used 140931K, committed 141696K, reserved 1179648K
  class space    used 18558K, committed 18944K, reserved 1048576K
}
Event: 54.343 GC heap before
{Heap before GC invocations=59 (full 0):
 garbage-first heap   total 346112K, used 279169K [0x0000000080000000, 0x0000000100000000)
  region size 1024K, 152 young (155648K), 6 survivors (6144K)
 Metaspace       used 143789K, committed 144640K, reserved 1179648K
  class space    used 18722K, committed 19136K, reserved 1048576K
}
Event: 54.346 GC heap after
{Heap after GC invocations=60 (full 0):
 garbage-first heap   total 346112K, used 127785K [0x0000000080000000, 0x0000000100000000)
  region size 1024K, 5 young (5120K), 5 survivors (5120K)
 Metaspace       used 143789K, committed 144640K, reserved 1179648K
  class space    used 18722K, committed 19136K, reserved 1048576K
}
Event: 54.411 GC heap before
{Heap before GC invocations=60 (full 0):
 garbage-first heap   total 346112K, used 139049K [0x0000000080000000, 0x0000000100000000)
  region size 1024K, 16 young (16384K), 5 survivors (5120K)
 Metaspace       used 144220K, committed 145088K, reserved 1179648K
  class space    used 18777K, committed 19200K, reserved 1048576K
}
Event: 54.414 GC heap after
{Heap after GC invocations=61 (full 0):
 garbage-first heap   total 346112K, used 127566K [0x0000000080000000, 0x0000000100000000)
  region size 1024K, 2 young (2048K), 2 survivors (2048K)
 Metaspace       used 144220K, committed 145088K, reserved 1179648K
  class space    used 18777K, committed 19200K, reserved 1048576K
}
Event: 54.711 GC heap before
{Heap before GC invocations=61 (full 0):
 garbage-first heap   total 346112K, used 166478K [0x0000000080000000, 0x0000000100000000)
  region size 1024K, 41 young (41984K), 2 survivors (2048K)
 Metaspace       used 150137K, committed 151040K, reserved 1245184K
  class space    used 19447K, committed 19904K, reserved 1048576K
}
Event: 54.713 GC heap after
{Heap after GC invocations=62 (full 0):
 garbage-first heap   total 346112K, used 129307K [0x0000000080000000, 0x0000000100000000)
  region size 1024K, 3 young (3072K), 3 survivors (3072K)
 Metaspace       used 150137K, committed 151040K, reserved 1245184K
  class space    used 19447K, committed 19904K, reserved 1048576K
}
Event: 55.467 GC heap before
{Heap before GC invocations=63 (full 0):
 garbage-first heap   total 346112K, used 295195K [0x0000000080000000, 0x0000000100000000)
  region size 1024K, 158 young (161792K), 3 survivors (3072K)
 Metaspace       used 156924K, committed 157824K, reserved 1245184K
  class space    used 20276K, committed 20736K, reserved 1048576K
}
Event: 55.471 GC heap after
{Heap after GC invocations=64 (full 0):
 garbage-first heap   total 346112K, used 134597K [0x0000000080000000, 0x0000000100000000)
  region size 1024K, 9 young (9216K), 9 survivors (9216K)
 Metaspace       used 156924K, committed 157824K, reserved 1245184K
  class space    used 20276K, committed 20736K, reserved 1048576K
}
Event: 55.544 GC heap before
{Heap before GC invocations=64 (full 0):
 garbage-first heap   total 346112K, used 141765K [0x0000000080000000, 0x0000000100000000)
  region size 1024K, 16 young (16384K), 9 survivors (9216K)
 Metaspace       used 156931K, committed 157824K, reserved 1245184K
  class space    used 20276K, committed 20736K, reserved 1048576K
}
Event: 55.549 GC heap after
{Heap after GC invocations=65 (full 0):
 garbage-first heap   total 346112K, used 133908K [0x0000000080000000, 0x0000000100000000)
  region size 1024K, 2 young (2048K), 2 survivors (2048K)
 Metaspace       used 156931K, committed 157824K, reserved 1245184K
  class space    used 20276K, committed 20736K, reserved 1048576K
}
Event: 55.936 GC heap before
{Heap before GC invocations=65 (full 0):
 garbage-first heap   total 346112K, used 240404K [0x0000000080000000, 0x0000000100000000)
  region size 1024K, 107 young (109568K), 2 survivors (2048K)
 Metaspace       used 157075K, committed 157952K, reserved 1245184K
  class space    used 20278K, committed 20736K, reserved 1048576K
}

