# JRE version: Java(TM) SE Runtime Environment (17.0.9+11) (build 17.0.9+11-LTS-201)
# Java VM: Java HotSpot(TM) 64-Bit Server VM (17.0.9+11-LTS-201, mixed mode, sharing, tiered, compressed oops, compressed class ptrs, g1 gc, windows-amd64)
GC Precious Log:
 CPUs: 12 total, 12 available
 Memory: 15741M
 Large Page Support: Disabled
 NUMA Support: Disabled
 Compressed Oops: Enabled (32-bit)
 Heap Region Size: 1M
 Heap Min Capacity: 8M
 Heap Initial Capacity: 246M
 Heap Max Capacity: 2G
 Pre-touch: Disabled
 Parallel Workers: 10
 Concurrent Workers: 3
 Concurrent Refinement Workers: 10
 Periodic GC: Disabled
Heap:
 garbage-first heap   total 418816K, used 226177K [0x0000000080000000, 0x0000000100000000)
  region size 1024K, 5 young (5120K), 5 survivors (5120K)
 Metaspace       used 143066K, committed 144000K, reserved 1179648K
  class space    used 18311K, committed 18752K, reserved 1048576K
GC Heap History (20 events):
Event: 9.726 GC heap after
{Heap after GC invocations=30 (full 0):
 garbage-first heap   total 320512K, used 182403K [0x0000000080000000, 0x0000000100000000)
  region size 1024K, 11 young (11264K), 11 survivors (11264K)
 Metaspace       used 126183K, committed 127040K, reserved 1179648K
  class space    used 15971K, committed 16384K, reserved 1048576K
}
Event: 9.740 GC heap before
{Heap before GC invocations=30 (full 0):
 garbage-first heap   total 320512K, used 186499K [0x0000000080000000, 0x0000000100000000)
  region size 1024K, 15 young (15360K), 11 survivors (11264K)
 Metaspace       used 126255K, committed 127104K, reserved 1179648K
  class space    used 15983K, committed 16384K, reserved 1048576K
}
Event: 9.744 GC heap after
{Heap after GC invocations=31 (full 0):
 garbage-first heap   total 320512K, used 182272K [0x0000000080000000, 0x0000000100000000)
  region size 1024K, 2 young (2048K), 2 survivors (2048K)
 Metaspace       used 126255K, committed 127104K, reserved 1179648K
  class space    used 15983K, committed 16384K, reserved 1048576K
}
Event: 10.415 GC heap before
{Heap before GC invocations=31 (full 0):
 garbage-first heap   total 320512K, used 264192K [0x0000000080000000, 0x0000000100000000)
  region size 1024K, 81 young (82944K), 2 survivors (2048K)
 Metaspace       used 134408K, committed 135232K, reserved 1179648K
  class space    used 17212K, committed 17600K, reserved 1048576K
}
Event: 10.419 GC heap after
{Heap after GC invocations=32 (full 0):
 garbage-first heap   total 320512K, used 186203K [0x0000000080000000, 0x0000000100000000)
  region size 1024K, 6 young (6144K), 6 survivors (6144K)
 Metaspace       used 134408K, committed 135232K, reserved 1179648K
  class space    used 17212K, committed 17600K, reserved 1048576K
}
Event: 10.786 GC heap before
{Heap before GC invocations=32 (full 0):
 garbage-first heap   total 320512K, used 228187K [0x0000000080000000, 0x0000000100000000)
  region size 1024K, 48 young (49152K), 6 survivors (6144K)
 Metaspace       used 139115K, committed 139904K, reserved 1179648K
  class space    used 17746K, committed 18112K, reserved 1048576K
}
Event: 10.791 GC heap after
{Heap after GC invocations=33 (full 0):
 garbage-first heap   total 320512K, used 185344K [0x0000000080000000, 0x0000000100000000)
  region size 1024K, 11 young (11264K), 11 survivors (11264K)
 Metaspace       used 139115K, committed 139904K, reserved 1179648K
  class space    used 17746K, committed 18112K, reserved 1048576K
}
Event: 10.794 GC heap before
{Heap before GC invocations=33 (full 0):
 garbage-first heap   total 320512K, used 187392K [0x0000000080000000, 0x0000000100000000)
  region size 1024K, 12 young (12288K), 11 survivors (11264K)
 Metaspace       used 139115K, committed 139904K, reserved 1179648K
  class space    used 17746K, committed 18112K, reserved 1048576K
}
Event: 10.798 GC heap after
{Heap after GC invocations=34 (full 0):
 garbage-first heap   total 320512K, used 187710K [0x0000000080000000, 0x0000000100000000)
  region size 1024K, 6 young (6144K), 6 survivors (6144K)
 Metaspace       used 139115K, committed 139904K, reserved 1179648K
  class space    used 17746K, committed 18112K, reserved 1048576K
}
Event: 11.235 GC heap before
{Heap before GC invocations=35 (full 0):
 garbage-first heap   total 358400K, used 283966K [0x0000000080000000, 0x0000000100000000)
  region size 1024K, 77 young (78848K), 6 survivors (6144K)
 Metaspace       used 143046K, committed 144000K, reserved 1179648K
  class space    used 18310K, committed 18752K, reserved 1048576K
}
Event: 11.241 GC heap after
{Heap after GC invocations=36 (full 0):
 garbage-first heap   total 358400K, used 224216K [0x0000000080000000, 0x0000000100000000)
  region size 1024K, 10 young (10240K), 10 survivors (10240K)
 Metaspace       used 143046K, committed 144000K, reserved 1179648K
  class space    used 18310K, committed 18752K, reserved 1048576K
}
Event: 11.253 GC heap before
{Heap before GC invocations=36 (full 0):
 garbage-first heap   total 358400K, used 231384K [0x0000000080000000, 0x0000000100000000)
  region size 1024K, 17 young (17408K), 10 survivors (10240K)
 Metaspace       used 143046K, committed 144000K, reserved 1179648K
  class space    used 18310K, committed 18752K, reserved 1048576K
}
Event: 11.257 GC heap after
{Heap after GC invocations=37 (full 0):
 garbage-first heap   total 358400K, used 225408K [0x0000000080000000, 0x0000000100000000)
  region size 1024K, 3 young (3072K), 3 survivors (3072K)
 Metaspace       used 143046K, committed 144000K, reserved 1179648K
  class space    used 18310K, committed 18752K, reserved 1048576K
}
Event: 11.456 GC heap before
{Heap before GC invocations=37 (full 0):
 garbage-first heap   total 358400K, used 294016K [0x0000000080000000, 0x0000000100000000)
  region size 1024K, 70 young (71680K), 3 survivors (3072K)
 Metaspace       used 143066K, committed 144000K, reserved 1179648K
  class space    used 18311K, committed 18752K, reserved 1048576K
}
Event: 11.462 GC heap after
{Heap after GC invocations=38 (full 0):
 garbage-first heap   total 358400K, used 239181K [0x0000000080000000, 0x0000000100000000)
  region size 1024K, 9 young (9216K), 9 survivors (9216K)
 Metaspace       used 143066K, committed 144000K, reserved 1179648K
  class space    used 18311K, committed 18752K, reserved 1048576K
}
Event: 11.619 GC heap before
{Heap before GC invocations=39 (full 0):
 garbage-first heap   total 418816K, used 291405K [0x0000000080000000, 0x0000000100000000)
  region size 1024K, 65 young (66560K), 9 survivors (9216K)
 Metaspace       used 143066K, committed 144000K, reserved 1179648K
  class space    used 18311K, committed 18752K, reserved 1048576K
}
Event: 11.623 GC heap after
{Heap after GC invocations=40 (full 0):
 garbage-first heap   total 418816K, used 236691K [0x0000000080000000, 0x0000000100000000)
  region size 1024K, 5 young (5120K), 5 survivors (5120K)
 Metaspace       used 143066K, committed 144000K, reserved 1179648K
  class space    used 18311K, committed 18752K, reserved 1048576K
}
Event: 11.663 GC heap before
{Heap before GC invocations=40 (full 0):
 garbage-first heap   total 418816K, used 252051K [0x0000000080000000, 0x0000000100000000)
  region size 1024K, 20 young (20480K), 5 survivors (5120K)
 Metaspace       used 143066K, committed 144000K, reserved 1179648K
  class space    used 18311K, committed 18752K, reserved 1048576K
}
Event: 11.665 GC heap after
{Heap after GC invocations=41 (full 0):
 garbage-first heap   total 418816K, used 224177K [0x0000000080000000, 0x0000000100000000)
  region size 1024K, 3 young (3072K), 3 survivors (3072K)
 Metaspace       used 143066K, committed 144000K, reserved 1179648K
  class space    used 18311K, committed 18752K, reserved 1048576K
}
Event: 11.884 GC heap before
{Heap before GC invocations=41 (full 0):
 garbage-first heap   total 418816K, used 322481K [0x0000000080000000, 0x0000000100000000)
  region size 1024K, 99 young (101376K), 3 survivors (3072K)
 Metaspace       used 143066K, committed 144000K, reserved 1179648K
  class space    used 18311K, committed 18752K, reserved 1048576K
}

