# JRE version: Java(TM) SE Runtime Environment (17.0.9+11) (build 17.0.9+11-LTS-201)
# Java VM: Java HotSpot(TM) 64-Bit Server VM (17.0.9+11-LTS-201, mixed mode, sharing, tiered, compressed oops, compressed class ptrs, g1 gc, windows-amd64)
GC Precious Log:
 CPUs: 12 total, 12 available
 Memory: 15741M
 Large Page Support: Disabled
 NUMA Support: Disabled
 Compressed Oops: Enabled (32-bit)
 Heap Region Size: 1M
 Heap Min Capacity: 8M
 Heap Initial Capacity: 246M
 Heap Max Capacity: 2G
 Pre-touch: Disabled
 Parallel Workers: 10
 Concurrent Workers: 3
 Concurrent Refinement Workers: 10
 Periodic GC: Disabled
Heap:
 garbage-first heap   total 251904K, used 114161K [0x0000000080000000, 0x0000000100000000)
  region size 1024K, 3 young (3072K), 3 survivors (3072K)
 Metaspace       used 76455K, committed 77248K, reserved 1179648K
  class space    used 10699K, committed 11072K, reserved 1048576K
GC Heap History (20 events):
Event: 3.711 GC heap after
{Heap after GC invocations=9 (full 0):
 garbage-first heap   total 171008K, used 76929K [0x0000000080000000, 0x0000000100000000)
  region size 1024K, 6 young (6144K), 6 survivors (6144K)
 Metaspace       used 45549K, committed 46144K, reserved 1114112K
  class space    used 6356K, committed 6656K, reserved 1048576K
}
Event: 3.955 GC heap before
{Heap before GC invocations=9 (full 0):
 garbage-first heap   total 171008K, used 113793K [0x0000000080000000, 0x0000000100000000)
  region size 1024K, 39 young (39936K), 6 survivors (6144K)
 Metaspace       used 49962K, committed 50624K, reserved 1114112K
  class space    used 7388K, committed 7680K, reserved 1048576K
}
Event: 3.958 GC heap after
{Heap after GC invocations=10 (full 0):
 garbage-first heap   total 171008K, used 86903K [0x0000000080000000, 0x0000000100000000)
  region size 1024K, 6 young (6144K), 6 survivors (6144K)
 Metaspace       used 49962K, committed 50624K, reserved 1114112K
  class space    used 7388K, committed 7680K, reserved 1048576K
}
Event: 4.275 GC heap before
{Heap before GC invocations=11 (full 0):
 garbage-first heap   total 171008K, used 136055K [0x0000000080000000, 0x0000000100000000)
  region size 1024K, 50 young (51200K), 6 survivors (6144K)
 Metaspace       used 55817K, committed 56448K, reserved 1114112K
  class space    used 8078K, committed 8384K, reserved 1048576K
}
Event: 4.278 GC heap after
{Heap after GC invocations=12 (full 0):
 garbage-first heap   total 171008K, used 95469K [0x0000000080000000, 0x0000000100000000)
  region size 1024K, 5 young (5120K), 5 survivors (5120K)
 Metaspace       used 55817K, committed 56448K, reserved 1114112K
  class space    used 8078K, committed 8384K, reserved 1048576K
}
Event: 4.304 GC heap before
{Heap before GC invocations=12 (full 0):
 garbage-first heap   total 171008K, used 98541K [0x0000000080000000, 0x0000000100000000)
  region size 1024K, 8 young (8192K), 5 survivors (5120K)
 Metaspace       used 56183K, committed 56832K, reserved 1114112K
  class space    used 8122K, committed 8448K, reserved 1048576K
}
Event: 4.306 GC heap after
{Heap after GC invocations=13 (full 0):
 garbage-first heap   total 171008K, used 95725K [0x0000000080000000, 0x0000000100000000)
  region size 1024K, 1 young (1024K), 1 survivors (1024K)
 Metaspace       used 56183K, committed 56832K, reserved 1114112K
  class space    used 8122K, committed 8448K, reserved 1048576K
}
Event: 4.523 GC heap before
{Heap before GC invocations=13 (full 0):
 garbage-first heap   total 171008K, used 116205K [0x0000000080000000, 0x0000000100000000)
  region size 1024K, 22 young (22528K), 1 survivors (1024K)
 Metaspace       used 60245K, committed 60992K, reserved 1114112K
  class space    used 8656K, committed 8960K, reserved 1048576K
}
Event: 4.525 GC heap after
{Heap after GC invocations=14 (full 0):
 garbage-first heap   total 171008K, used 97576K [0x0000000080000000, 0x0000000100000000)
  region size 1024K, 3 young (3072K), 3 survivors (3072K)
 Metaspace       used 60245K, committed 60992K, reserved 1114112K
  class space    used 8656K, committed 8960K, reserved 1048576K
}
Event: 4.771 GC heap before
{Heap before GC invocations=15 (full 0):
 garbage-first heap   total 186368K, used 144680K [0x0000000080000000, 0x0000000100000000)
  region size 1024K, 43 young (44032K), 3 survivors (3072K)
 Metaspace       used 62847K, committed 63552K, reserved 1114112K
  class space    used 9003K, committed 9344K, reserved 1048576K
}
Event: 4.773 GC heap after
{Heap after GC invocations=16 (full 0):
 garbage-first heap   total 186368K, used 101048K [0x0000000080000000, 0x0000000100000000)
  region size 1024K, 6 young (6144K), 6 survivors (6144K)
 Metaspace       used 62847K, committed 63552K, reserved 1114112K
  class space    used 9003K, committed 9344K, reserved 1048576K
}
Event: 4.795 GC heap before
{Heap before GC invocations=16 (full 0):
 garbage-first heap   total 186368K, used 104120K [0x0000000080000000, 0x0000000100000000)
  region size 1024K, 9 young (9216K), 6 survivors (6144K)
 Metaspace       used 63250K, committed 64000K, reserved 1114112K
  class space    used 9046K, committed 9408K, reserved 1048576K
}
Event: 4.797 GC heap after
{Heap after GC invocations=17 (full 0):
 garbage-first heap   total 186368K, used 101465K [0x0000000080000000, 0x0000000100000000)
  region size 1024K, 1 young (1024K), 1 survivors (1024K)
 Metaspace       used 63250K, committed 64000K, reserved 1114112K
  class space    used 9046K, committed 9408K, reserved 1048576K
}
Event: 5.154 GC heap before
{Heap before GC invocations=17 (full 0):
 garbage-first heap   total 186368K, used 146521K [0x0000000080000000, 0x0000000100000000)
  region size 1024K, 45 young (46080K), 1 survivors (1024K)
 Metaspace       used 67964K, committed 68736K, reserved 1114112K
  class space    used 9676K, committed 10048K, reserved 1048576K
}
Event: 5.156 GC heap after
{Heap after GC invocations=18 (full 0):
 garbage-first heap   total 186368K, used 103636K [0x0000000080000000, 0x0000000100000000)
  region size 1024K, 3 young (3072K), 3 survivors (3072K)
 Metaspace       used 67964K, committed 68736K, reserved 1114112K
  class space    used 9676K, committed 10048K, reserved 1048576K
}
Event: 5.409 GC heap before
{Heap before GC invocations=19 (full 0):
 garbage-first heap   total 186368K, used 148692K [0x0000000080000000, 0x0000000100000000)
  region size 1024K, 47 young (48128K), 3 survivors (3072K)
 Metaspace       used 71183K, committed 71936K, reserved 1114112K
  class space    used 10072K, committed 10432K, reserved 1048576K
}
Event: 5.412 GC heap after
{Heap after GC invocations=20 (full 0):
 garbage-first heap   total 186368K, used 108405K [0x0000000080000000, 0x0000000100000000)
  region size 1024K, 6 young (6144K), 6 survivors (6144K)
 Metaspace       used 71183K, committed 71936K, reserved 1114112K
  class space    used 10072K, committed 10432K, reserved 1048576K
}
Event: 5.422 GC heap before
{Heap before GC invocations=20 (full 0):
 garbage-first heap   total 186368K, used 111477K [0x0000000080000000, 0x0000000100000000)
  region size 1024K, 9 young (9216K), 6 survivors (6144K)
 Metaspace       used 71191K, committed 71936K, reserved 1114112K
  class space    used 10072K, committed 10432K, reserved 1048576K
}
Event: 5.425 GC heap after
{Heap after GC invocations=21 (full 0):
 garbage-first heap   total 186368K, used 109219K [0x0000000080000000, 0x0000000100000000)
  region size 1024K, 2 young (2048K), 2 survivors (2048K)
 Metaspace       used 71191K, committed 71936K, reserved 1114112K
  class space    used 10072K, committed 10432K, reserved 1048576K
}
Event: 5.684 GC heap before
{Heap before GC invocations=21 (full 0):
 garbage-first heap   total 186368K, used 154275K [0x0000000080000000, 0x0000000100000000)
  region size 1024K, 43 young (44032K), 2 survivors (2048K)
 Metaspace       used 76455K, committed 77248K, reserved 1179648K
  class space    used 10699K, committed 11072K, reserved 1048576K
}

