# JRE version: Java(TM) SE Runtime Environment (17.0.9+11) (build 17.0.9+11-LTS-201)
# Java VM: Java HotSpot(TM) 64-Bit Server VM (17.0.9+11-LTS-201, mixed mode, sharing, tiered, compressed oops, compressed class ptrs, g1 gc, windows-amd64)
GC Precious Log:
 CPUs: 12 total, 12 available
 Memory: 15741M
 Large Page Support: Disabled
 NUMA Support: Disabled
 Compressed Oops: Enabled (32-bit)
 Heap Region Size: 1M
 Heap Min Capacity: 8M
 Heap Initial Capacity: 246M
 Heap Max Capacity: 2G
 Pre-touch: Disabled
 Parallel Workers: 10
 Concurrent Workers: 3
 Concurrent Refinement Workers: 10
 Periodic GC: Disabled
Heap:
 garbage-first heap   total 236544K, used 70505K [0x0000000080000000, 0x0000000100000000)
  region size 1024K, 6 young (6144K), 1 survivors (1024K)
 Metaspace       used 55514K, committed 56064K, reserved 1114112K
  class space    used 7528K, committed 7808K, reserved 1048576K
GC Heap History (20 events):
Event: 3.219 GC heap before
{Heap before GC invocations=10 (full 0):
 garbage-first heap   total 81920K, used 63184K [0x0000000080000000, 0x0000000100000000)
  region size 1024K, 34 young (34816K), 5 survivors (5120K)
 Metaspace       used 42123K, committed 42624K, reserved 1114112K
  class space    used 5885K, committed 6080K, reserved 1048576K
}
Event: 3.222 GC heap after
{Heap after GC invocations=11 (full 0):
 garbage-first heap   total 81920K, used 36058K [0x0000000080000000, 0x0000000100000000)
  region size 1024K, 5 young (5120K), 5 survivors (5120K)
 Metaspace       used 42123K, committed 42624K, reserved 1114112K
  class space    used 5885K, committed 6080K, reserved 1048576K
}
Event: 3.371 GC heap before
{Heap before GC invocations=11 (full 0):
 garbage-first heap   total 81920K, used 68826K [0x0000000080000000, 0x0000000100000000)
  region size 1024K, 33 young (33792K), 5 survivors (5120K)
 Metaspace       used 42606K, committed 43072K, reserved 1114112K
  class space    used 5930K, committed 6144K, reserved 1048576K
}
Event: 3.374 GC heap after
{Heap after GC invocations=12 (full 0):
 garbage-first heap   total 81920K, used 46260K [0x0000000080000000, 0x0000000100000000)
  region size 1024K, 5 young (5120K), 5 survivors (5120K)
 Metaspace       used 42606K, committed 43072K, reserved 1114112K
  class space    used 5930K, committed 6144K, reserved 1048576K
}
Event: 3.391 GC heap before
{Heap before GC invocations=12 (full 0):
 garbage-first heap   total 81920K, used 48308K [0x0000000080000000, 0x0000000100000000)
  region size 1024K, 8 young (8192K), 5 survivors (5120K)
 Metaspace       used 42795K, committed 43264K, reserved 1114112K
  class space    used 5944K, committed 6144K, reserved 1048576K
}
Event: 3.393 GC heap after
{Heap after GC invocations=13 (full 0):
 garbage-first heap   total 98304K, used 47988K [0x0000000080000000, 0x0000000100000000)
  region size 1024K, 2 young (2048K), 2 survivors (2048K)
 Metaspace       used 42795K, committed 43264K, reserved 1114112K
  class space    used 5944K, committed 6144K, reserved 1048576K
}
Event: 3.594 GC heap before
{Heap before GC invocations=14 (full 0):
 garbage-first heap   total 98304K, used 80756K [0x0000000080000000, 0x0000000100000000)
  region size 1024K, 30 young (30720K), 2 survivors (2048K)
 Metaspace       used 46094K, committed 46592K, reserved 1114112K
  class space    used 6392K, committed 6656K, reserved 1048576K
}
Event: 3.595 GC heap after
{Heap after GC invocations=15 (full 0):
 garbage-first heap   total 98304K, used 55667K [0x0000000080000000, 0x0000000100000000)
  region size 1024K, 4 young (4096K), 4 survivors (4096K)
 Metaspace       used 46094K, committed 46592K, reserved 1114112K
  class space    used 6392K, committed 6656K, reserved 1048576K
}
Event: 3.780 GC heap before
{Heap before GC invocations=15 (full 0):
 garbage-first heap   total 98304K, used 79219K [0x0000000080000000, 0x0000000100000000)
  region size 1024K, 27 young (27648K), 4 survivors (4096K)
 Metaspace       used 49757K, committed 50304K, reserved 1114112K
  class space    used 6765K, committed 7040K, reserved 1048576K
}
Event: 3.782 GC heap after
{Heap after GC invocations=16 (full 0):
 garbage-first heap   total 98304K, used 56818K [0x0000000080000000, 0x0000000100000000)
  region size 1024K, 1 young (1024K), 1 survivors (1024K)
 Metaspace       used 49757K, committed 50304K, reserved 1114112K
  class space    used 6765K, committed 7040K, reserved 1048576K
}
Event: 3.992 GC heap before
{Heap before GC invocations=17 (full 0):
 garbage-first heap   total 98304K, used 84466K [0x0000000080000000, 0x0000000100000000)
  region size 1024K, 24 young (24576K), 1 survivors (1024K)
 Metaspace       used 53824K, committed 54464K, reserved 1114112K
  class space    used 7306K, committed 7616K, reserved 1048576K
}
Event: 3.994 GC heap after
{Heap after GC invocations=18 (full 0):
 garbage-first heap   total 98304K, used 63118K [0x0000000080000000, 0x0000000100000000)
  region size 1024K, 3 young (3072K), 3 survivors (3072K)
 Metaspace       used 53824K, committed 54464K, reserved 1114112K
  class space    used 7306K, committed 7616K, reserved 1048576K
}
Event: 3.996 GC heap before
{Heap before GC invocations=18 (full 0):
 garbage-first heap   total 98304K, used 64142K [0x0000000080000000, 0x0000000100000000)
  region size 1024K, 4 young (4096K), 3 survivors (3072K)
 Metaspace       used 53824K, committed 54464K, reserved 1114112K
  class space    used 7306K, committed 7616K, reserved 1048576K
}
Event: 3.998 GC heap after
{Heap after GC invocations=19 (full 0):
 garbage-first heap   total 98304K, used 63733K [0x0000000080000000, 0x0000000100000000)
  region size 1024K, 1 young (1024K), 1 survivors (1024K)
 Metaspace       used 53824K, committed 54464K, reserved 1114112K
  class space    used 7306K, committed 7616K, reserved 1048576K
}
Event: 4.008 GC heap before
{Heap before GC invocations=19 (full 0):
 garbage-first heap   total 98304K, used 67829K [0x0000000080000000, 0x0000000100000000)
  region size 1024K, 6 young (6144K), 1 survivors (1024K)
 Metaspace       used 53830K, committed 54464K, reserved 1114112K
  class space    used 7306K, committed 7616K, reserved 1048576K
}
Event: 4.009 GC heap after
{Heap after GC invocations=20 (full 0):
 garbage-first heap   total 98304K, used 64864K [0x0000000080000000, 0x0000000100000000)
  region size 1024K, 2 young (2048K), 2 survivors (2048K)
 Metaspace       used 53830K, committed 54464K, reserved 1114112K
  class space    used 7306K, committed 7616K, reserved 1048576K
}
Event: 4.093 GC heap before
{Heap before GC invocations=21 (full 0):
 garbage-first heap   total 117760K, used 79200K [0x0000000080000000, 0x0000000100000000)
  region size 1024K, 14 young (14336K), 2 survivors (2048K)
 Metaspace       used 54886K, committed 55488K, reserved 1114112K
  class space    used 7444K, committed 7744K, reserved 1048576K
}
Event: 4.094 GC heap after
{Heap after GC invocations=22 (full 0):
 garbage-first heap   total 117760K, used 66492K [0x0000000080000000, 0x0000000100000000)
  region size 1024K, 2 young (2048K), 2 survivors (2048K)
 Metaspace       used 54886K, committed 55488K, reserved 1114112K
  class space    used 7444K, committed 7744K, reserved 1048576K
}
Event: 4.118 GC heap before
{Heap before GC invocations=22 (full 0):
 garbage-first heap   total 117760K, used 69564K [0x0000000080000000, 0x0000000100000000)
  region size 1024K, 5 young (5120K), 2 survivors (2048K)
 Metaspace       used 55168K, committed 55808K, reserved 1114112K
  class space    used 7482K, committed 7808K, reserved 1048576K
}
Event: 4.120 GC heap after
{Heap after GC invocations=23 (full 0):
 garbage-first heap   total 236544K, used 66409K [0x0000000080000000, 0x0000000100000000)
  region size 1024K, 1 young (1024K), 1 survivors (1024K)
 Metaspace       used 55168K, committed 55808K, reserved 1114112K
  class space    used 7482K, committed 7808K, reserved 1048576K
}

