# JRE version: Java(TM) SE Runtime Environment (17.0.9+11) (build 17.0.9+11-LTS-201)
# Java VM: Java HotSpot(TM) 64-Bit Server VM (17.0.9+11-LTS-201, mixed mode, sharing, tiered, compressed oops, compressed class ptrs, g1 gc, windows-amd64)
GC Precious Log:
 CPUs: 12 total, 12 available
 Memory: 15741M
 Large Page Support: Disabled
 NUMA Support: Disabled
 Compressed Oops: Enabled (32-bit)
 Heap Region Size: 1M
 Heap Min Capacity: 8M
 Heap Initial Capacity: 246M
 Heap Max Capacity: 2G
 Pre-touch: Disabled
 Parallel Workers: 10
 Concurrent Workers: 3
 Concurrent Refinement Workers: 10
 Periodic GC: Disabled
Heap:
 garbage-first heap   total 247808K, used 166608K [0x0000000080000000, 0x0000000100000000)
  region size 1024K, 19 young (19456K), 7 survivors (7168K)
 Metaspace       used 90273K, committed 91008K, reserved 1179648K
  class space    used 12144K, committed 12480K, reserved 1048576K
GC Heap History (20 events):
Event: 5.466 GC heap before
{Heap before GC invocations=16 (full 0):
 garbage-first heap   total 183296K, used 101135K [0x0000000080000000, 0x0000000100000000)
  region size 1024K, 8 young (8192K), 6 survivors (6144K)
 Metaspace       used 59533K, committed 60288K, reserved 1114112K
  class space    used 8088K, committed 8448K, reserved 1048576K
}
Event: 5.469 GC heap after
{Heap after GC invocations=17 (full 0):
 garbage-first heap   total 183296K, used 99479K [0x0000000080000000, 0x0000000100000000)
  region size 1024K, 1 young (1024K), 1 survivors (1024K)
 Metaspace       used 59533K, committed 60288K, reserved 1114112K
  class space    used 8088K, committed 8448K, reserved 1048576K
}
Event: 5.865 GC heap before
{Heap before GC invocations=17 (full 0):
 garbage-first heap   total 183296K, used 144535K [0x0000000080000000, 0x0000000100000000)
  region size 1024K, 45 young (46080K), 1 survivors (1024K)
 Metaspace       used 64344K, committed 65088K, reserved 1114112K
  class space    used 8734K, committed 9088K, reserved 1048576K
}
Event: 5.867 GC heap after
{Heap after GC invocations=18 (full 0):
 garbage-first heap   total 183296K, used 101567K [0x0000000080000000, 0x0000000100000000)
  region size 1024K, 3 young (3072K), 3 survivors (3072K)
 Metaspace       used 64344K, committed 65088K, reserved 1114112K
  class space    used 8734K, committed 9088K, reserved 1048576K
}
Event: 6.141 GC heap before
{Heap before GC invocations=19 (full 0):
 garbage-first heap   total 183296K, used 147647K [0x0000000080000000, 0x0000000100000000)
  region size 1024K, 48 young (49152K), 3 survivors (3072K)
 Metaspace       used 67476K, committed 68224K, reserved 1114112K
  class space    used 9113K, committed 9472K, reserved 1048576K
}
Event: 6.145 GC heap after
{Heap after GC invocations=20 (full 0):
 garbage-first heap   total 183296K, used 106496K [0x0000000080000000, 0x0000000100000000)
  region size 1024K, 6 young (6144K), 6 survivors (6144K)
 Metaspace       used 67476K, committed 68224K, reserved 1114112K
  class space    used 9113K, committed 9472K, reserved 1048576K
}
Event: 6.398 GC heap before
{Heap before GC invocations=20 (full 0):
 garbage-first heap   total 183296K, used 142336K [0x0000000080000000, 0x0000000100000000)
  region size 1024K, 43 young (44032K), 6 survivors (6144K)
 Metaspace       used 72301K, committed 73024K, reserved 1114112K
  class space    used 9712K, committed 10048K, reserved 1048576K
}
Event: 6.401 GC heap after
{Heap after GC invocations=21 (full 0):
 garbage-first heap   total 220160K, used 108226K [0x0000000080000000, 0x0000000100000000)
  region size 1024K, 2 young (2048K), 2 survivors (2048K)
 Metaspace       used 72301K, committed 73024K, reserved 1114112K
  class space    used 9712K, committed 10048K, reserved 1048576K
}
Event: 6.825 GC heap before
{Heap before GC invocations=22 (full 0):
 garbage-first heap   total 220160K, used 178882K [0x0000000080000000, 0x0000000100000000)
  region size 1024K, 61 young (62464K), 2 survivors (2048K)
 Metaspace       used 80423K, committed 81216K, reserved 1179648K
  class space    used 11188K, committed 11584K, reserved 1048576K
}
Event: 6.828 GC heap after
{Heap after GC invocations=23 (full 0):
 garbage-first heap   total 220160K, used 123668K [0x0000000080000000, 0x0000000100000000)
  region size 1024K, 7 young (7168K), 7 survivors (7168K)
 Metaspace       used 80423K, committed 81216K, reserved 1179648K
  class space    used 11188K, committed 11584K, reserved 1048576K
}
Event: 6.833 GC heap before
{Heap before GC invocations=23 (full 0):
 garbage-first heap   total 220160K, used 126740K [0x0000000080000000, 0x0000000100000000)
  region size 1024K, 10 young (10240K), 7 survivors (7168K)
 Metaspace       used 80423K, committed 81216K, reserved 1179648K
  class space    used 11188K, committed 11584K, reserved 1048576K
}
Event: 6.835 GC heap after
{Heap after GC invocations=24 (full 0):
 garbage-first heap   total 220160K, used 123521K [0x0000000080000000, 0x0000000100000000)
  region size 1024K, 1 young (1024K), 1 survivors (1024K)
 Metaspace       used 80423K, committed 81216K, reserved 1179648K
  class space    used 11188K, committed 11584K, reserved 1048576K
}
Event: 6.995 GC heap before
{Heap before GC invocations=24 (full 0):
 garbage-first heap   total 220160K, used 174721K [0x0000000080000000, 0x0000000100000000)
  region size 1024K, 52 young (53248K), 1 survivors (1024K)
 Metaspace       used 80598K, committed 81408K, reserved 1179648K
  class space    used 11193K, committed 11584K, reserved 1048576K
}
Event: 7.003 GC heap after
{Heap after GC invocations=25 (full 0):
 garbage-first heap   total 220160K, used 135437K [0x0000000080000000, 0x0000000100000000)
  region size 1024K, 7 young (7168K), 7 survivors (7168K)
 Metaspace       used 80598K, committed 81408K, reserved 1179648K
  class space    used 11193K, committed 11584K, reserved 1048576K
}
Event: 7.222 GC heap before
{Heap before GC invocations=26 (full 0):
 garbage-first heap   total 247808K, used 175373K [0x0000000080000000, 0x0000000100000000)
  region size 1024K, 46 young (47104K), 7 survivors (7168K)
 Metaspace       used 83156K, committed 83968K, reserved 1179648K
  class space    used 11499K, committed 11840K, reserved 1048576K
}
Event: 7.227 GC heap after
{Heap after GC invocations=27 (full 0):
 garbage-first heap   total 247808K, used 142336K [0x0000000080000000, 0x0000000100000000)
  region size 1024K, 6 young (6144K), 6 survivors (6144K)
 Metaspace       used 83156K, committed 83968K, reserved 1179648K
  class space    used 11499K, committed 11840K, reserved 1048576K
}
Event: 7.271 GC heap before
{Heap before GC invocations=27 (full 0):
 garbage-first heap   total 247808K, used 148480K [0x0000000080000000, 0x0000000100000000)
  region size 1024K, 12 young (12288K), 6 survivors (6144K)
 Metaspace       used 83876K, committed 84736K, reserved 1179648K
  class space    used 11572K, committed 11968K, reserved 1048576K
}
Event: 7.273 GC heap after
{Heap after GC invocations=28 (full 0):
 garbage-first heap   total 247808K, used 143369K [0x0000000080000000, 0x0000000100000000)
  region size 1024K, 2 young (2048K), 2 survivors (2048K)
 Metaspace       used 83876K, committed 84736K, reserved 1179648K
  class space    used 11572K, committed 11968K, reserved 1048576K
}
Event: 7.539 GC heap before
{Heap before GC invocations=28 (full 0):
 garbage-first heap   total 247808K, used 198665K [0x0000000080000000, 0x0000000100000000)
  region size 1024K, 50 young (51200K), 2 survivors (2048K)
 Metaspace       used 88370K, committed 89152K, reserved 1179648K
  class space    used 12003K, committed 12352K, reserved 1048576K
}
Event: 7.542 GC heap after
{Heap after GC invocations=29 (full 0):
 garbage-first heap   total 247808K, used 155344K [0x0000000080000000, 0x0000000100000000)
  region size 1024K, 7 young (7168K), 7 survivors (7168K)
 Metaspace       used 88370K, committed 89152K, reserved 1179648K
  class space    used 12003K, committed 12352K, reserved 1048576K
}

