# JRE version: Java(TM) SE Runtime Environment (17.0.9+11) (build 17.0.9+11-LTS-201)
# Java VM: Java HotSpot(TM) 64-Bit Server VM (17.0.9+11-LTS-201, mixed mode, sharing, tiered, compressed oops, compressed class ptrs, g1 gc, windows-amd64)
GC Precious Log:
 CPUs: 12 total, 12 available
 Memory: 15741M
 Large Page Support: Disabled
 NUMA Support: Disabled
 Compressed Oops: Enabled (Zero based)
 Heap Region Size: 2M
 Heap Min Capacity: 8M
 Heap Initial Capacity: 246M
 Heap Max Capacity: 3936M
 Pre-touch: Disabled
 Parallel Workers: 10
 Concurrent Workers: 3
 Concurrent Refinement Workers: 10
 Periodic GC: Disabled
Heap:
 garbage-first heap   total 210944K, used 53816K [0x000000070a000000, 0x0000000800000000)
  region size 2048K, 3 young (6144K), 3 survivors (6144K)
 Metaspace       used 55321K, committed 55552K, reserved 1114112K
  class space    used 6375K, committed 6464K, reserved 1048576K
GC Heap History (20 events):
Event: 2.315 GC heap after
{Heap after GC invocations=2 (full 0):
 garbage-first heap   total 251904K, used 12613K [0x000000070a000000, 0x0000000800000000)
  region size 2048K, 2 young (4096K), 2 survivors (4096K)
 Metaspace       used 16339K, committed 16640K, reserved 1114112K
  class space    used 2198K, committed 2304K, reserved 1048576K
}
Event: 2.685 GC heap before
{Heap before GC invocations=2 (full 0):
 garbage-first heap   total 251904K, used 51525K [0x000000070a000000, 0x0000000800000000)
  region size 2048K, 21 young (43008K), 2 survivors (4096K)
 Metaspace       used 21328K, committed 21504K, reserved 1114112K
  class space    used 2946K, committed 3008K, reserved 1048576K
}
Event: 2.695 GC heap after
{Heap after GC invocations=3 (full 0):
 garbage-first heap   total 251904K, used 19606K [0x000000070a000000, 0x0000000800000000)
  region size 2048K, 5 young (10240K), 5 survivors (10240K)
 Metaspace       used 21328K, committed 21504K, reserved 1114112K
  class space    used 2946K, committed 3008K, reserved 1048576K
}
Event: 3.019 GC heap before
{Heap before GC invocations=4 (full 0):
 garbage-first heap   total 75776K, used 58518K [0x000000070a000000, 0x0000000800000000)
  region size 2048K, 23 young (47104K), 5 survivors (10240K)
 Metaspace       used 26789K, committed 27008K, reserved 1114112K
  class space    used 3455K, committed 3584K, reserved 1048576K
}
Event: 3.027 GC heap after
{Heap after GC invocations=5 (full 0):
 garbage-first heap   total 75776K, used 22619K [0x000000070a000000, 0x0000000800000000)
  region size 2048K, 3 young (6144K), 3 survivors (6144K)
 Metaspace       used 26789K, committed 27008K, reserved 1114112K
  class space    used 3455K, committed 3584K, reserved 1048576K
}
Event: 3.048 GC heap before
{Heap before GC invocations=5 (full 0):
 garbage-first heap   total 75776K, used 24667K [0x000000070a000000, 0x0000000800000000)
  region size 2048K, 4 young (8192K), 3 survivors (6144K)
 Metaspace       used 27169K, committed 27392K, reserved 1114112K
  class space    used 3497K, committed 3584K, reserved 1048576K
}
Event: 3.052 GC heap after
{Heap after GC invocations=6 (full 0):
 garbage-first heap   total 75776K, used 23630K [0x000000070a000000, 0x0000000800000000)
  region size 2048K, 1 young (2048K), 1 survivors (2048K)
 Metaspace       used 27169K, committed 27392K, reserved 1114112K
  class space    used 3497K, committed 3584K, reserved 1048576K
}
Event: 3.379 GC heap before
{Heap before GC invocations=6 (full 0):
 garbage-first heap   total 75776K, used 54350K [0x000000070a000000, 0x0000000800000000)
  region size 2048K, 15 young (30720K), 1 survivors (2048K)
 Metaspace       used 32974K, committed 33216K, reserved 1114112K
  class space    used 4155K, committed 4288K, reserved 1048576K
}
Event: 3.385 GC heap after
{Heap after GC invocations=7 (full 0):
 garbage-first heap   total 75776K, used 27695K [0x000000070a000000, 0x0000000800000000)
  region size 2048K, 2 young (4096K), 2 survivors (4096K)
 Metaspace       used 32974K, committed 33216K, reserved 1114112K
  class space    used 4155K, committed 4288K, reserved 1048576K
}
Event: 3.459 GC heap before
{Heap before GC invocations=7 (full 0):
 garbage-first heap   total 75776K, used 54319K [0x000000070a000000, 0x0000000800000000)
  region size 2048K, 15 young (30720K), 2 survivors (4096K)
 Metaspace       used 33156K, committed 33408K, reserved 1114112K
  class space    used 4155K, committed 4288K, reserved 1048576K
}
Event: 3.464 GC heap after
{Heap after GC invocations=8 (full 0):
 garbage-first heap   total 122880K, used 30642K [0x000000070a000000, 0x0000000800000000)
  region size 2048K, 2 young (4096K), 2 survivors (4096K)
 Metaspace       used 33156K, committed 33408K, reserved 1114112K
  class space    used 4155K, committed 4288K, reserved 1048576K
}
Event: 3.707 GC heap before
{Heap before GC invocations=8 (full 0):
 garbage-first heap   total 122880K, used 63410K [0x000000070a000000, 0x0000000800000000)
  region size 2048K, 20 young (40960K), 2 survivors (4096K)
 Metaspace       used 35887K, committed 36096K, reserved 1114112K
  class space    used 4426K, committed 4544K, reserved 1048576K
}
Event: 3.715 GC heap after
{Heap after GC invocations=9 (full 0):
 garbage-first heap   total 122880K, used 34226K [0x000000070a000000, 0x0000000800000000)
  region size 2048K, 4 young (8192K), 4 survivors (8192K)
 Metaspace       used 35887K, committed 36096K, reserved 1114112K
  class space    used 4426K, committed 4544K, reserved 1048576K
}
Event: 4.357 GC heap before
{Heap before GC invocations=10 (full 0):
 garbage-first heap   total 122880K, used 83378K [0x000000070a000000, 0x0000000800000000)
  region size 2048K, 29 young (59392K), 4 survivors (8192K)
 Metaspace       used 41540K, committed 41728K, reserved 1114112K
  class space    used 5032K, committed 5120K, reserved 1048576K
}
Event: 4.371 GC heap after
{Heap after GC invocations=11 (full 0):
 garbage-first heap   total 122880K, used 41872K [0x000000070a000000, 0x0000000800000000)
  region size 2048K, 4 young (8192K), 4 survivors (8192K)
 Metaspace       used 41540K, committed 41728K, reserved 1114112K
  class space    used 5032K, committed 5120K, reserved 1048576K
}
Event: 4.386 GC heap before
{Heap before GC invocations=11 (full 0):
 garbage-first heap   total 122880K, used 43920K [0x000000070a000000, 0x0000000800000000)
  region size 2048K, 5 young (10240K), 4 survivors (8192K)
 Metaspace       used 41573K, committed 41792K, reserved 1114112K
  class space    used 5035K, committed 5120K, reserved 1048576K
}
Event: 4.393 GC heap after
{Heap after GC invocations=12 (full 0):
 garbage-first heap   total 122880K, used 43286K [0x000000070a000000, 0x0000000800000000)
  region size 2048K, 1 young (2048K), 1 survivors (2048K)
 Metaspace       used 41573K, committed 41792K, reserved 1114112K
  class space    used 5035K, committed 5120K, reserved 1048576K
}
Event: 4.935 GC heap before
{Heap before GC invocations=12 (full 0):
 garbage-first heap   total 122880K, used 88342K [0x000000070a000000, 0x0000000800000000)
  region size 2048K, 23 young (47104K), 1 survivors (2048K)
 Metaspace       used 48488K, committed 48704K, reserved 1114112K
  class space    used 5735K, committed 5824K, reserved 1048576K
}
Event: 4.944 GC heap after
{Heap after GC invocations=13 (full 0):
 garbage-first heap   total 122880K, used 48759K [0x000000070a000000, 0x0000000800000000)
  region size 2048K, 3 young (6144K), 3 survivors (6144K)
 Metaspace       used 48488K, committed 48704K, reserved 1114112K
  class space    used 5735K, committed 5824K, reserved 1048576K
}
Event: 5.401 GC heap before
{Heap before GC invocations=13 (full 0):
 garbage-first heap   total 122880K, used 91767K [0x000000070a000000, 0x0000000800000000)
  region size 2048K, 24 young (49152K), 3 survivors (6144K)
 Metaspace       used 55321K, committed 55552K, reserved 1114112K
  class space    used 6375K, committed 6464K, reserved 1048576K
}

