# JRE version: Java(TM) SE Runtime Environment (17.0.9+11) (build 17.0.9+11-LTS-201)
# Java VM: Java HotSpot(TM) 64-Bit Server VM (17.0.9+11-LTS-201, mixed mode, sharing, tiered, compressed oops, compressed class ptrs, g1 gc, windows-amd64)
GC Precious Log:
 CPUs: 12 total, 12 available
 Memory: 15741M
 Large Page Support: Disabled
 NUMA Support: Disabled
 Compressed Oops: Enabled (32-bit)
 Heap Region Size: 1M
 Heap Min Capacity: 8M
 Heap Initial Capacity: 246M
 Heap Max Capacity: 2G
 Pre-touch: Disabled
 Parallel Workers: 10
 Concurrent Workers: 3
 Concurrent Refinement Workers: 10
 Periodic GC: Disabled
Heap:
 garbage-first heap   total 183296K, used 108504K [0x0000000080000000, 0x0000000100000000)
  region size 1024K, 2 young (2048K), 2 survivors (2048K)
 Metaspace       used 71836K, committed 72576K, reserved 1114112K
  class space    used 9658K, committed 10048K, reserved 1048576K
GC Heap History (20 events):
Event: 2.876 GC heap after
{Heap after GC invocations=7 (full 0):
 garbage-first heap   total 171008K, used 65322K [0x0000000080000000, 0x0000000100000000)
  region size 1024K, 4 young (4096K), 4 survivors (4096K)
 Metaspace       used 35707K, committed 36096K, reserved 1114112K
  class space    used 4994K, committed 5184K, reserved 1048576K
}
Event: 3.373 GC heap before
{Heap before GC invocations=8 (full 0):
 garbage-first heap   total 171008K, used 130858K [0x0000000080000000, 0x0000000100000000)
  region size 1024K, 68 young (69632K), 4 survivors (4096K)
 Metaspace       used 41643K, committed 42240K, reserved 1114112K
  class space    used 5834K, committed 6144K, reserved 1048576K
}
Event: 3.376 GC heap after
{Heap after GC invocations=9 (full 0):
 garbage-first heap   total 171008K, used 70593K [0x0000000080000000, 0x0000000100000000)
  region size 1024K, 9 young (9216K), 9 survivors (9216K)
 Metaspace       used 41643K, committed 42240K, reserved 1114112K
  class space    used 5834K, committed 6144K, reserved 1048576K
}
Event: 3.820 GC heap before
{Heap before GC invocations=9 (full 0):
 garbage-first heap   total 171008K, used 133057K [0x0000000080000000, 0x0000000100000000)
  region size 1024K, 70 young (71680K), 9 survivors (9216K)
 Metaspace       used 45065K, committed 45696K, reserved 1114112K
  class space    used 6295K, committed 6592K, reserved 1048576K
}
Event: 3.824 GC heap after
{Heap after GC invocations=10 (full 0):
 garbage-first heap   total 171008K, used 75505K [0x0000000080000000, 0x0000000100000000)
  region size 1024K, 6 young (6144K), 6 survivors (6144K)
 Metaspace       used 45065K, committed 45696K, reserved 1114112K
  class space    used 6295K, committed 6592K, reserved 1048576K
}
Event: 3.886 GC heap before
{Heap before GC invocations=10 (full 0):
 garbage-first heap   total 171008K, used 89841K [0x0000000080000000, 0x0000000100000000)
  region size 1024K, 17 young (17408K), 6 survivors (6144K)
 Metaspace       used 45533K, committed 46144K, reserved 1114112K
  class space    used 6359K, committed 6656K, reserved 1048576K
}
Event: 3.888 GC heap after
{Heap after GC invocations=11 (full 0):
 garbage-first heap   total 171008K, used 85028K [0x0000000080000000, 0x0000000100000000)
  region size 1024K, 5 young (5120K), 5 survivors (5120K)
 Metaspace       used 45533K, committed 46144K, reserved 1114112K
  class space    used 6359K, committed 6656K, reserved 1048576K
}
Event: 4.236 GC heap before
{Heap before GC invocations=12 (full 0):
 garbage-first heap   total 171008K, used 138276K [0x0000000080000000, 0x0000000100000000)
  region size 1024K, 53 young (54272K), 5 survivors (5120K)
 Metaspace       used 51959K, committed 52608K, reserved 1114112K
  class space    used 7108K, committed 7424K, reserved 1048576K
}
Event: 4.238 GC heap after
{Heap after GC invocations=13 (full 0):
 garbage-first heap   total 171008K, used 93282K [0x0000000080000000, 0x0000000100000000)
  region size 1024K, 7 young (7168K), 7 survivors (7168K)
 Metaspace       used 51959K, committed 52608K, reserved 1114112K
  class space    used 7108K, committed 7424K, reserved 1048576K
}
Event: 4.442 GC heap before
{Heap before GC invocations=13 (full 0):
 garbage-first heap   total 171008K, used 112738K [0x0000000080000000, 0x0000000100000000)
  region size 1024K, 27 young (27648K), 7 survivors (7168K)
 Metaspace       used 55932K, committed 56640K, reserved 1114112K
  class space    used 7631K, committed 7936K, reserved 1048576K
}
Event: 4.444 GC heap after
{Heap after GC invocations=14 (full 0):
 garbage-first heap   total 171008K, used 96185K [0x0000000080000000, 0x0000000100000000)
  region size 1024K, 6 young (6144K), 6 survivors (6144K)
 Metaspace       used 55932K, committed 56640K, reserved 1114112K
  class space    used 7631K, committed 7936K, reserved 1048576K
}
Event: 4.741 GC heap before
{Heap before GC invocations=15 (full 0):
 garbage-first heap   total 183296K, used 146361K [0x0000000080000000, 0x0000000100000000)
  region size 1024K, 49 young (50176K), 6 survivors (6144K)
 Metaspace       used 58992K, committed 59648K, reserved 1114112K
  class space    used 8024K, committed 8320K, reserved 1048576K
}
Event: 4.745 GC heap after
{Heap after GC invocations=16 (full 0):
 garbage-first heap   total 183296K, used 99707K [0x0000000080000000, 0x0000000100000000)
  region size 1024K, 6 young (6144K), 6 survivors (6144K)
 Metaspace       used 58992K, committed 59648K, reserved 1114112K
  class space    used 8024K, committed 8320K, reserved 1048576K
}
Event: 5.146 GC heap before
{Heap before GC invocations=16 (full 0):
 garbage-first heap   total 183296K, used 146811K [0x0000000080000000, 0x0000000100000000)
  region size 1024K, 52 young (53248K), 6 survivors (6144K)
 Metaspace       used 63942K, committed 64704K, reserved 1114112K
  class space    used 8687K, committed 9088K, reserved 1048576K
}
Event: 5.149 GC heap after
{Heap after GC invocations=17 (full 0):
 garbage-first heap   total 183296K, used 102989K [0x0000000080000000, 0x0000000100000000)
  region size 1024K, 4 young (4096K), 4 survivors (4096K)
 Metaspace       used 63942K, committed 64704K, reserved 1114112K
  class space    used 8687K, committed 9088K, reserved 1048576K
}
Event: 5.396 GC heap before
{Heap before GC invocations=18 (full 0):
 garbage-first heap   total 183296K, used 149069K [0x0000000080000000, 0x0000000100000000)
  region size 1024K, 49 young (50176K), 4 survivors (4096K)
 Metaspace       used 67011K, committed 67840K, reserved 1114112K
  class space    used 9060K, committed 9472K, reserved 1048576K
}
Event: 5.399 GC heap after
{Heap after GC invocations=19 (full 0):
 garbage-first heap   total 183296K, used 107861K [0x0000000080000000, 0x0000000100000000)
  region size 1024K, 7 young (7168K), 7 survivors (7168K)
 Metaspace       used 67011K, committed 67840K, reserved 1114112K
  class space    used 9060K, committed 9472K, reserved 1048576K
}
Event: 5.405 GC heap before
{Heap before GC invocations=19 (full 0):
 garbage-first heap   total 183296K, used 107861K [0x0000000080000000, 0x0000000100000000)
  region size 1024K, 8 young (8192K), 7 survivors (7168K)
 Metaspace       used 67016K, committed 67840K, reserved 1114112K
  class space    used 9060K, committed 9472K, reserved 1048576K
}
Event: 5.407 GC heap after
{Heap after GC invocations=20 (full 0):
 garbage-first heap   total 183296K, used 108238K [0x0000000080000000, 0x0000000100000000)
  region size 1024K, 1 young (1024K), 1 survivors (1024K)
 Metaspace       used 67016K, committed 67840K, reserved 1114112K
  class space    used 9060K, committed 9472K, reserved 1048576K
}
Event: 5.650 GC heap before
{Heap before GC invocations=20 (full 0):
 garbage-first heap   total 183296K, used 143054K [0x0000000080000000, 0x0000000100000000)
  region size 1024K, 37 young (37888K), 1 survivors (1024K)
 Metaspace       used 71836K, committed 72576K, reserved 1114112K
  class space    used 9658K, committed 10048K, reserved 1048576K
}

