# JRE version: Java(TM) SE Runtime Environment (17.0.9+11) (build 17.0.9+11-LTS-201)
# Java VM: Java HotSpot(TM) 64-Bit Server VM (17.0.9+11-LTS-201, mixed mode, sharing, tiered, compressed oops, compressed class ptrs, g1 gc, windows-amd64)
GC Precious Log:
 CPUs: 12 total, 12 available
 Memory: 15741M
 Large Page Support: Disabled
 NUMA Support: Disabled
 Compressed Oops: Enabled (32-bit)
 Heap Region Size: 1M
 Heap Min Capacity: 8M
 Heap Initial Capacity: 246M
 Heap Max Capacity: 2G
 Pre-touch: Disabled
 Parallel Workers: 10
 Concurrent Workers: 3
 Concurrent Refinement Workers: 10
 Periodic GC: Disabled
Heap:
 garbage-first heap   total 251904K, used 141617K [0x0000000080000000, 0x0000000100000000)
  region size 1024K, 4 young (4096K), 4 survivors (4096K)
 Metaspace       used 81172K, committed 81984K, reserved 1179648K
  class space    used 11287K, committed 11648K, reserved 1048576K
GC Heap History (20 events):
Event: 4.509 GC heap after
{Heap after GC invocations=14 (full 0):
 garbage-first heap   total 171008K, used 96981K [0x0000000080000000, 0x0000000100000000)
  region size 1024K, 3 young (3072K), 3 survivors (3072K)
 Metaspace       used 60253K, committed 61056K, reserved 1114112K
  class space    used 8661K, committed 9024K, reserved 1048576K
}
Event: 4.751 GC heap before
{Heap before GC invocations=15 (full 0):
 garbage-first heap   total 186368K, used 144085K [0x0000000080000000, 0x0000000100000000)
  region size 1024K, 43 young (44032K), 3 survivors (3072K)
 Metaspace       used 62847K, committed 63616K, reserved 1114112K
  class space    used 9005K, committed 9344K, reserved 1048576K
}
Event: 4.753 GC heap after
{Heap after GC invocations=16 (full 0):
 garbage-first heap   total 186368K, used 100205K [0x0000000080000000, 0x0000000100000000)
  region size 1024K, 6 young (6144K), 6 survivors (6144K)
 Metaspace       used 62847K, committed 63616K, reserved 1114112K
  class space    used 9005K, committed 9344K, reserved 1048576K
}
Event: 4.774 GC heap before
{Heap before GC invocations=16 (full 0):
 garbage-first heap   total 186368K, used 103277K [0x0000000080000000, 0x0000000100000000)
  region size 1024K, 9 young (9216K), 6 survivors (6144K)
 Metaspace       used 63251K, committed 64064K, reserved 1114112K
  class space    used 9049K, committed 9408K, reserved 1048576K
}
Event: 4.777 GC heap after
{Heap after GC invocations=17 (full 0):
 garbage-first heap   total 186368K, used 100457K [0x0000000080000000, 0x0000000100000000)
  region size 1024K, 1 young (1024K), 1 survivors (1024K)
 Metaspace       used 63251K, committed 64064K, reserved 1114112K
  class space    used 9049K, committed 9408K, reserved 1048576K
}
Event: 5.154 GC heap before
{Heap before GC invocations=17 (full 0):
 garbage-first heap   total 186368K, used 146537K [0x0000000080000000, 0x0000000100000000)
  region size 1024K, 46 young (47104K), 1 survivors (1024K)
 Metaspace       used 68100K, committed 68864K, reserved 1114112K
  class space    used 9697K, committed 10048K, reserved 1048576K
}
Event: 5.156 GC heap after
{Heap after GC invocations=18 (full 0):
 garbage-first heap   total 186368K, used 102611K [0x0000000080000000, 0x0000000100000000)
  region size 1024K, 3 young (3072K), 3 survivors (3072K)
 Metaspace       used 68100K, committed 68864K, reserved 1114112K
  class space    used 9697K, committed 10048K, reserved 1048576K
}
Event: 5.399 GC heap before
{Heap before GC invocations=19 (full 0):
 garbage-first heap   total 186368K, used 148691K [0x0000000080000000, 0x0000000100000000)
  region size 1024K, 48 young (49152K), 3 survivors (3072K)
 Metaspace       used 71184K, committed 72000K, reserved 1114112K
  class space    used 10073K, committed 10432K, reserved 1048576K
}
Event: 5.403 GC heap after
{Heap after GC invocations=20 (full 0):
 garbage-first heap   total 186368K, used 107481K [0x0000000080000000, 0x0000000100000000)
  region size 1024K, 6 young (6144K), 6 survivors (6144K)
 Metaspace       used 71184K, committed 72000K, reserved 1114112K
  class space    used 10073K, committed 10432K, reserved 1048576K
}
Event: 5.418 GC heap before
{Heap before GC invocations=20 (full 0):
 garbage-first heap   total 186368K, used 109529K [0x0000000080000000, 0x0000000100000000)
  region size 1024K, 9 young (9216K), 6 survivors (6144K)
 Metaspace       used 71193K, committed 72000K, reserved 1114112K
  class space    used 10073K, committed 10432K, reserved 1048576K
}
Event: 5.420 GC heap after
{Heap after GC invocations=21 (full 0):
 garbage-first heap   total 186368K, used 108103K [0x0000000080000000, 0x0000000100000000)
  region size 1024K, 1 young (1024K), 1 survivors (1024K)
 Metaspace       used 71193K, committed 72000K, reserved 1114112K
  class space    used 10073K, committed 10432K, reserved 1048576K
}
Event: 5.695 GC heap before
{Heap before GC invocations=21 (full 0):
 garbage-first heap   total 186368K, used 155207K [0x0000000080000000, 0x0000000100000000)
  region size 1024K, 43 young (44032K), 1 survivors (1024K)
 Metaspace       used 77063K, committed 77888K, reserved 1179648K
  class space    used 10756K, committed 11136K, reserved 1048576K
}
Event: 5.696 GC heap after
{Heap after GC invocations=22 (full 0):
 garbage-first heap   total 186368K, used 112749K [0x0000000080000000, 0x0000000100000000)
  region size 1024K, 2 young (2048K), 2 survivors (2048K)
 Metaspace       used 77063K, committed 77888K, reserved 1179648K
  class space    used 10756K, committed 11136K, reserved 1048576K
}
Event: 5.907 GC heap before
{Heap before GC invocations=23 (full 0):
 garbage-first heap   total 194560K, used 159853K [0x0000000080000000, 0x0000000100000000)
  region size 1024K, 42 young (43008K), 2 survivors (2048K)
 Metaspace       used 80996K, committed 81792K, reserved 1179648K
  class space    used 11283K, committed 11648K, reserved 1048576K
}
Event: 5.909 GC heap after
{Heap after GC invocations=24 (full 0):
 garbage-first heap   total 194560K, used 124541K [0x0000000080000000, 0x0000000100000000)
  region size 1024K, 6 young (6144K), 6 survivors (6144K)
 Metaspace       used 80996K, committed 81792K, reserved 1179648K
  class space    used 11283K, committed 11648K, reserved 1048576K
}
Event: 5.920 GC heap before
{Heap before GC invocations=24 (full 0):
 garbage-first heap   total 194560K, used 126589K [0x0000000080000000, 0x0000000100000000)
  region size 1024K, 9 young (9216K), 6 survivors (6144K)
 Metaspace       used 81094K, committed 81984K, reserved 1179648K
  class space    used 11285K, committed 11648K, reserved 1048576K
}
Event: 5.923 GC heap after
{Heap after GC invocations=25 (full 0):
 garbage-first heap   total 194560K, used 125087K [0x0000000080000000, 0x0000000100000000)
  region size 1024K, 1 young (1024K), 1 survivors (1024K)
 Metaspace       used 81094K, committed 81984K, reserved 1179648K
  class space    used 11285K, committed 11648K, reserved 1048576K
}
Event: 6.032 GC heap before
{Heap before GC invocations=25 (full 0):
 garbage-first heap   total 194560K, used 161951K [0x0000000080000000, 0x0000000100000000)
  region size 1024K, 37 young (37888K), 1 survivors (1024K)
 Metaspace       used 81161K, committed 81984K, reserved 1179648K
  class space    used 11287K, committed 11648K, reserved 1048576K
}
Event: 6.037 GC heap after
{Heap after GC invocations=26 (full 0):
 garbage-first heap   total 194560K, used 132471K [0x0000000080000000, 0x0000000100000000)
  region size 1024K, 5 young (5120K), 5 survivors (5120K)
 Metaspace       used 81161K, committed 81984K, reserved 1179648K
  class space    used 11287K, committed 11648K, reserved 1048576K
}
Event: 6.103 GC heap before
{Heap before GC invocations=26 (full 0):
 garbage-first heap   total 194560K, used 158071K [0x0000000080000000, 0x0000000100000000)
  region size 1024K, 31 young (31744K), 5 survivors (5120K)
 Metaspace       used 81172K, committed 81984K, reserved 1179648K
  class space    used 11287K, committed 11648K, reserved 1048576K
}

