# JRE version: Java(TM) SE Runtime Environment (17.0.9+11) (build 17.0.9+11-LTS-201)
# Java VM: Java HotSpot(TM) 64-Bit Server VM (17.0.9+11-LTS-201, mixed mode, sharing, tiered, compressed oops, compressed class ptrs, g1 gc, windows-amd64)
GC Precious Log:
 CPUs: 12 total, 12 available
 Memory: 15741M
 Large Page Support: Disabled
 NUMA Support: Disabled
 Compressed Oops: Enabled (32-bit)
 Heap Region Size: 1M
 Heap Min Capacity: 8M
 Heap Initial Capacity: 246M
 Heap Max Capacity: 2G
 Pre-touch: Disabled
 Parallel Workers: 10
 Concurrent Workers: 3
 Concurrent Refinement Workers: 10
 Periodic GC: Disabled
Heap:
 garbage-first heap   total 194560K, used 141312K [0x0000000080000000, 0x0000000100000000)
  region size 1024K, 4 young (4096K), 4 survivors (4096K)
 Metaspace       used 81167K, committed 81920K, reserved 1179648K
  class space    used 11281K, committed 11648K, reserved 1048576K
GC Heap History (20 events):
Event: 4.968 GC heap after
{Heap after GC invocations=14 (full 0):
 garbage-first heap   total 171008K, used 97387K [0x0000000080000000, 0x0000000100000000)
  region size 1024K, 3 young (3072K), 3 survivors (3072K)
 Metaspace       used 60250K, committed 60992K, reserved 1114112K
  class space    used 8652K, committed 8960K, reserved 1048576K
}
Event: 5.218 GC heap before
{Heap before GC invocations=15 (full 0):
 garbage-first heap   total 186368K, used 144491K [0x0000000080000000, 0x0000000100000000)
  region size 1024K, 43 young (44032K), 3 survivors (3072K)
 Metaspace       used 62873K, committed 63616K, reserved 1114112K
  class space    used 9000K, committed 9344K, reserved 1048576K
}
Event: 5.220 GC heap after
{Heap after GC invocations=16 (full 0):
 garbage-first heap   total 186368K, used 100692K [0x0000000080000000, 0x0000000100000000)
  region size 1024K, 6 young (6144K), 6 survivors (6144K)
 Metaspace       used 62873K, committed 63616K, reserved 1114112K
  class space    used 9000K, committed 9344K, reserved 1048576K
}
Event: 5.242 GC heap before
{Heap before GC invocations=16 (full 0):
 garbage-first heap   total 186368K, used 103764K [0x0000000080000000, 0x0000000100000000)
  region size 1024K, 9 young (9216K), 6 survivors (6144K)
 Metaspace       used 63252K, committed 64000K, reserved 1114112K
  class space    used 9042K, committed 9408K, reserved 1048576K
}
Event: 5.244 GC heap after
{Heap after GC invocations=17 (full 0):
 garbage-first heap   total 186368K, used 100817K [0x0000000080000000, 0x0000000100000000)
  region size 1024K, 1 young (1024K), 1 survivors (1024K)
 Metaspace       used 63252K, committed 64000K, reserved 1114112K
  class space    used 9042K, committed 9408K, reserved 1048576K
}
Event: 5.610 GC heap before
{Heap before GC invocations=17 (full 0):
 garbage-first heap   total 186368K, used 146897K [0x0000000080000000, 0x0000000100000000)
  region size 1024K, 46 young (47104K), 1 survivors (1024K)
 Metaspace       used 68177K, committed 68928K, reserved 1114112K
  class space    used 9699K, committed 10048K, reserved 1048576K
}
Event: 5.612 GC heap after
{Heap after GC invocations=18 (full 0):
 garbage-first heap   total 186368K, used 102998K [0x0000000080000000, 0x0000000100000000)
  region size 1024K, 4 young (4096K), 4 survivors (4096K)
 Metaspace       used 68177K, committed 68928K, reserved 1114112K
  class space    used 9699K, committed 10048K, reserved 1048576K
}
Event: 5.860 GC heap before
{Heap before GC invocations=19 (full 0):
 garbage-first heap   total 186368K, used 148054K [0x0000000080000000, 0x0000000100000000)
  region size 1024K, 49 young (50176K), 4 survivors (4096K)
 Metaspace       used 71189K, committed 71936K, reserved 1114112K
  class space    used 10065K, committed 10432K, reserved 1048576K
}
Event: 5.864 GC heap after
{Heap after GC invocations=20 (full 0):
 garbage-first heap   total 186368K, used 107764K [0x0000000080000000, 0x0000000100000000)
  region size 1024K, 7 young (7168K), 7 survivors (7168K)
 Metaspace       used 71189K, committed 71936K, reserved 1114112K
  class space    used 10065K, committed 10432K, reserved 1048576K
}
Event: 5.871 GC heap before
{Heap before GC invocations=20 (full 0):
 garbage-first heap   total 186368K, used 109812K [0x0000000080000000, 0x0000000100000000)
  region size 1024K, 9 young (9216K), 7 survivors (7168K)
 Metaspace       used 71189K, committed 71936K, reserved 1114112K
  class space    used 10065K, committed 10432K, reserved 1048576K
}
Event: 5.874 GC heap after
{Heap after GC invocations=21 (full 0):
 garbage-first heap   total 186368K, used 108344K [0x0000000080000000, 0x0000000100000000)
  region size 1024K, 1 young (1024K), 1 survivors (1024K)
 Metaspace       used 71189K, committed 71936K, reserved 1114112K
  class space    used 10065K, committed 10432K, reserved 1048576K
}
Event: 6.153 GC heap before
{Heap before GC invocations=21 (full 0):
 garbage-first heap   total 186368K, used 155448K [0x0000000080000000, 0x0000000100000000)
  region size 1024K, 43 young (44032K), 1 survivors (1024K)
 Metaspace       used 76959K, committed 77760K, reserved 1179648K
  class space    used 10736K, committed 11136K, reserved 1048576K
}
Event: 6.154 GC heap after
{Heap after GC invocations=22 (full 0):
 garbage-first heap   total 186368K, used 113048K [0x0000000080000000, 0x0000000100000000)
  region size 1024K, 2 young (2048K), 2 survivors (2048K)
 Metaspace       used 76959K, committed 77760K, reserved 1179648K
  class space    used 10736K, committed 11136K, reserved 1048576K
}
Event: 6.374 GC heap before
{Heap before GC invocations=23 (full 0):
 garbage-first heap   total 194560K, used 161176K [0x0000000080000000, 0x0000000100000000)
  region size 1024K, 43 young (44032K), 2 survivors (2048K)
 Metaspace       used 80991K, committed 81728K, reserved 1179648K
  class space    used 11276K, committed 11648K, reserved 1048576K
}
Event: 6.377 GC heap after
{Heap after GC invocations=24 (full 0):
 garbage-first heap   total 194560K, used 124864K [0x0000000080000000, 0x0000000100000000)
  region size 1024K, 6 young (6144K), 6 survivors (6144K)
 Metaspace       used 80991K, committed 81728K, reserved 1179648K
  class space    used 11276K, committed 11648K, reserved 1048576K
}
Event: 6.388 GC heap before
{Heap before GC invocations=24 (full 0):
 garbage-first heap   total 194560K, used 126912K [0x0000000080000000, 0x0000000100000000)
  region size 1024K, 9 young (9216K), 6 survivors (6144K)
 Metaspace       used 81100K, committed 81920K, reserved 1179648K
  class space    used 11279K, committed 11648K, reserved 1048576K
}
Event: 6.390 GC heap after
{Heap after GC invocations=25 (full 0):
 garbage-first heap   total 194560K, used 125723K [0x0000000080000000, 0x0000000100000000)
  region size 1024K, 2 young (2048K), 2 survivors (2048K)
 Metaspace       used 81100K, committed 81920K, reserved 1179648K
  class space    used 11279K, committed 11648K, reserved 1048576K
}
Event: 6.487 GC heap before
{Heap before GC invocations=25 (full 0):
 garbage-first heap   total 194560K, used 161563K [0x0000000080000000, 0x0000000100000000)
  region size 1024K, 37 young (37888K), 2 survivors (2048K)
 Metaspace       used 81156K, committed 81920K, reserved 1179648K
  class space    used 11281K, committed 11648K, reserved 1048576K
}
Event: 6.493 GC heap after
{Heap after GC invocations=26 (full 0):
 garbage-first heap   total 194560K, used 132353K [0x0000000080000000, 0x0000000100000000)
  region size 1024K, 5 young (5120K), 5 survivors (5120K)
 Metaspace       used 81156K, committed 81920K, reserved 1179648K
  class space    used 11281K, committed 11648K, reserved 1048576K
}
Event: 6.549 GC heap before
{Heap before GC invocations=26 (full 0):
 garbage-first heap   total 194560K, used 157953K [0x0000000080000000, 0x0000000100000000)
  region size 1024K, 31 young (31744K), 5 survivors (5120K)
 Metaspace       used 81167K, committed 81920K, reserved 1179648K
  class space    used 11281K, committed 11648K, reserved 1048576K
}

